d:\self-balancing\sbr_32_9\sbr\visualgdb\debug\sbr.link.rsp
d:\self-balancing\sbr_32_9\sbr\visualgdb\debug\sbr.bin
d:\self-balancing\sbr_32_9\sbr\visualgdb\debug\sbr.alldeps
d:\self-balancing\sbr_32_9\sbr\visualgdb\debug\sbr
d:\self-balancing\sbr_32_9\sbr\visualgdb\debug\sbr.mkbin.rsp
d:\self-balancing\sbr_32_9\sbr\visualgdb\debug\core\src\main.o
d:\self-balancing\sbr_32_9\sbr\visualgdb\debug\core\src\stm32f3xx_hal_msp.o
d:\self-balancing\sbr_32_9\sbr\visualgdb\debug\core\src\stm32f3xx_hal_timebase_tim.o
d:\self-balancing\sbr_32_9\sbr\visualgdb\debug\core\src\stm32f3xx_it.o
d:\self-balancing\sbr_32_9\sbr\visualgdb\debug\core\src\main.dep
d:\self-balancing\sbr_32_9\sbr\visualgdb\debug\core\src\stm32f3xx_hal_msp.dep
d:\self-balancing\sbr_32_9\sbr\visualgdb\debug\core\src\stm32f3xx_hal_timebase_tim.dep
d:\self-balancing\sbr_32_9\sbr\visualgdb\debug\core\src\stm32f3xx_it.dep
d:\self-balancing\sbr_32_9\sbr\visualgdb\debug\core\src\main.gcc.rsp
d:\self-balancing\sbr_32_9\sbr\visualgdb\debug\core\src\stm32f3xx_hal_msp.gcc.rsp
d:\self-balancing\sbr_32_9\sbr\visualgdb\debug\core\src\stm32f3xx_hal_timebase_tim.gcc.rsp
d:\self-balancing\sbr_32_9\sbr\visualgdb\debug\core\src\stm32f3xx_it.gcc.rsp
d:\self-balancing\sbr_32_9\sbr\visualgdb\debug\drivers\cmsis\device\st\stm32f3xx\source\templates\system_stm32f3xx.o
d:\self-balancing\sbr_32_9\sbr\visualgdb\debug\drivers\cmsis\device\st\stm32f3xx\source\templates\system_stm32f3xx.dep
d:\self-balancing\sbr_32_9\sbr\visualgdb\debug\drivers\cmsis\device\st\stm32f3xx\source\templates\system_stm32f3xx.gcc.rsp
d:\self-balancing\sbr_32_9\sbr\visualgdb\debug\drivers\stm32f3xx_hal_driver\src\stm32f3xx_hal.o
d:\self-balancing\sbr_32_9\sbr\visualgdb\debug\drivers\stm32f3xx_hal_driver\src\stm32f3xx_hal_cortex.o
d:\self-balancing\sbr_32_9\sbr\visualgdb\debug\drivers\stm32f3xx_hal_driver\src\stm32f3xx_hal_crc.o
d:\self-balancing\sbr_32_9\sbr\visualgdb\debug\drivers\stm32f3xx_hal_driver\src\stm32f3xx_hal_crc_ex.o
d:\self-balancing\sbr_32_9\sbr\visualgdb\debug\drivers\stm32f3xx_hal_driver\src\stm32f3xx_hal_dma.o
d:\self-balancing\sbr_32_9\sbr\visualgdb\debug\drivers\stm32f3xx_hal_driver\src\stm32f3xx_hal_exti.o
d:\self-balancing\sbr_32_9\sbr\visualgdb\debug\drivers\stm32f3xx_hal_driver\src\stm32f3xx_hal_flash.o
d:\self-balancing\sbr_32_9\sbr\visualgdb\debug\drivers\stm32f3xx_hal_driver\src\stm32f3xx_hal_flash_ex.o
d:\self-balancing\sbr_32_9\sbr\visualgdb\debug\drivers\stm32f3xx_hal_driver\src\stm32f3xx_hal_gpio.o
d:\self-balancing\sbr_32_9\sbr\visualgdb\debug\drivers\stm32f3xx_hal_driver\src\stm32f3xx_hal_i2c.o
d:\self-balancing\sbr_32_9\sbr\visualgdb\debug\drivers\stm32f3xx_hal_driver\src\stm32f3xx_hal_i2c_ex.o
d:\self-balancing\sbr_32_9\sbr\visualgdb\debug\drivers\stm32f3xx_hal_driver\src\stm32f3xx_hal_pwr.o
d:\self-balancing\sbr_32_9\sbr\visualgdb\debug\drivers\stm32f3xx_hal_driver\src\stm32f3xx_hal_pwr_ex.o
d:\self-balancing\sbr_32_9\sbr\visualgdb\debug\drivers\stm32f3xx_hal_driver\src\stm32f3xx_hal_rcc.o
d:\self-balancing\sbr_32_9\sbr\visualgdb\debug\drivers\stm32f3xx_hal_driver\src\stm32f3xx_hal_rcc_ex.o
d:\self-balancing\sbr_32_9\sbr\visualgdb\debug\drivers\stm32f3xx_hal_driver\src\stm32f3xx_hal_spi.o
d:\self-balancing\sbr_32_9\sbr\visualgdb\debug\drivers\stm32f3xx_hal_driver\src\stm32f3xx_hal_spi_ex.o
d:\self-balancing\sbr_32_9\sbr\visualgdb\debug\drivers\stm32f3xx_hal_driver\src\stm32f3xx_hal_tim.o
d:\self-balancing\sbr_32_9\sbr\visualgdb\debug\drivers\stm32f3xx_hal_driver\src\stm32f3xx_hal_tim_ex.o
d:\self-balancing\sbr_32_9\sbr\visualgdb\debug\drivers\stm32f3xx_hal_driver\src\stm32f3xx_hal_uart.o
d:\self-balancing\sbr_32_9\sbr\visualgdb\debug\drivers\stm32f3xx_hal_driver\src\stm32f3xx_hal_uart_ex.o
d:\self-balancing\sbr_32_9\sbr\visualgdb\debug\drivers\stm32f3xx_hal_driver\src\stm32f3xx_hal.dep
d:\self-balancing\sbr_32_9\sbr\visualgdb\debug\drivers\stm32f3xx_hal_driver\src\stm32f3xx_hal_cortex.dep
d:\self-balancing\sbr_32_9\sbr\visualgdb\debug\drivers\stm32f3xx_hal_driver\src\stm32f3xx_hal_crc.dep
d:\self-balancing\sbr_32_9\sbr\visualgdb\debug\drivers\stm32f3xx_hal_driver\src\stm32f3xx_hal_crc_ex.dep
d:\self-balancing\sbr_32_9\sbr\visualgdb\debug\drivers\stm32f3xx_hal_driver\src\stm32f3xx_hal_dma.dep
d:\self-balancing\sbr_32_9\sbr\visualgdb\debug\drivers\stm32f3xx_hal_driver\src\stm32f3xx_hal_exti.dep
d:\self-balancing\sbr_32_9\sbr\visualgdb\debug\drivers\stm32f3xx_hal_driver\src\stm32f3xx_hal_flash.dep
d:\self-balancing\sbr_32_9\sbr\visualgdb\debug\drivers\stm32f3xx_hal_driver\src\stm32f3xx_hal_flash_ex.dep
d:\self-balancing\sbr_32_9\sbr\visualgdb\debug\drivers\stm32f3xx_hal_driver\src\stm32f3xx_hal_gpio.dep
d:\self-balancing\sbr_32_9\sbr\visualgdb\debug\drivers\stm32f3xx_hal_driver\src\stm32f3xx_hal_i2c.dep
d:\self-balancing\sbr_32_9\sbr\visualgdb\debug\drivers\stm32f3xx_hal_driver\src\stm32f3xx_hal_i2c_ex.dep
d:\self-balancing\sbr_32_9\sbr\visualgdb\debug\drivers\stm32f3xx_hal_driver\src\stm32f3xx_hal_pwr.dep
d:\self-balancing\sbr_32_9\sbr\visualgdb\debug\drivers\stm32f3xx_hal_driver\src\stm32f3xx_hal_pwr_ex.dep
d:\self-balancing\sbr_32_9\sbr\visualgdb\debug\drivers\stm32f3xx_hal_driver\src\stm32f3xx_hal_rcc.dep
d:\self-balancing\sbr_32_9\sbr\visualgdb\debug\drivers\stm32f3xx_hal_driver\src\stm32f3xx_hal_rcc_ex.dep
d:\self-balancing\sbr_32_9\sbr\visualgdb\debug\drivers\stm32f3xx_hal_driver\src\stm32f3xx_hal_spi.dep
d:\self-balancing\sbr_32_9\sbr\visualgdb\debug\drivers\stm32f3xx_hal_driver\src\stm32f3xx_hal_spi_ex.dep
d:\self-balancing\sbr_32_9\sbr\visualgdb\debug\drivers\stm32f3xx_hal_driver\src\stm32f3xx_hal_tim.dep
d:\self-balancing\sbr_32_9\sbr\visualgdb\debug\drivers\stm32f3xx_hal_driver\src\stm32f3xx_hal_tim_ex.dep
d:\self-balancing\sbr_32_9\sbr\visualgdb\debug\drivers\stm32f3xx_hal_driver\src\stm32f3xx_hal_uart.dep
d:\self-balancing\sbr_32_9\sbr\visualgdb\debug\drivers\stm32f3xx_hal_driver\src\stm32f3xx_hal_uart_ex.dep
d:\self-balancing\sbr_32_9\sbr\visualgdb\debug\drivers\stm32f3xx_hal_driver\src\stm32f3xx_hal.gcc.rsp
d:\self-balancing\sbr_32_9\sbr\visualgdb\debug\drivers\stm32f3xx_hal_driver\src\stm32f3xx_hal_cortex.gcc.rsp
d:\self-balancing\sbr_32_9\sbr\visualgdb\debug\drivers\stm32f3xx_hal_driver\src\stm32f3xx_hal_crc.gcc.rsp
d:\self-balancing\sbr_32_9\sbr\visualgdb\debug\drivers\stm32f3xx_hal_driver\src\stm32f3xx_hal_crc_ex.gcc.rsp
d:\self-balancing\sbr_32_9\sbr\visualgdb\debug\drivers\stm32f3xx_hal_driver\src\stm32f3xx_hal_dma.gcc.rsp
d:\self-balancing\sbr_32_9\sbr\visualgdb\debug\drivers\stm32f3xx_hal_driver\src\stm32f3xx_hal_exti.gcc.rsp
d:\self-balancing\sbr_32_9\sbr\visualgdb\debug\drivers\stm32f3xx_hal_driver\src\stm32f3xx_hal_flash.gcc.rsp
d:\self-balancing\sbr_32_9\sbr\visualgdb\debug\drivers\stm32f3xx_hal_driver\src\stm32f3xx_hal_flash_ex.gcc.rsp
d:\self-balancing\sbr_32_9\sbr\visualgdb\debug\drivers\stm32f3xx_hal_driver\src\stm32f3xx_hal_gpio.gcc.rsp
d:\self-balancing\sbr_32_9\sbr\visualgdb\debug\drivers\stm32f3xx_hal_driver\src\stm32f3xx_hal_i2c.gcc.rsp
d:\self-balancing\sbr_32_9\sbr\visualgdb\debug\drivers\stm32f3xx_hal_driver\src\stm32f3xx_hal_i2c_ex.gcc.rsp
d:\self-balancing\sbr_32_9\sbr\visualgdb\debug\drivers\stm32f3xx_hal_driver\src\stm32f3xx_hal_pwr.gcc.rsp
d:\self-balancing\sbr_32_9\sbr\visualgdb\debug\drivers\stm32f3xx_hal_driver\src\stm32f3xx_hal_pwr_ex.gcc.rsp
d:\self-balancing\sbr_32_9\sbr\visualgdb\debug\drivers\stm32f3xx_hal_driver\src\stm32f3xx_hal_rcc.gcc.rsp
d:\self-balancing\sbr_32_9\sbr\visualgdb\debug\drivers\stm32f3xx_hal_driver\src\stm32f3xx_hal_rcc_ex.gcc.rsp
d:\self-balancing\sbr_32_9\sbr\visualgdb\debug\drivers\stm32f3xx_hal_driver\src\stm32f3xx_hal_spi.gcc.rsp
d:\self-balancing\sbr_32_9\sbr\visualgdb\debug\drivers\stm32f3xx_hal_driver\src\stm32f3xx_hal_spi_ex.gcc.rsp
d:\self-balancing\sbr_32_9\sbr\visualgdb\debug\drivers\stm32f3xx_hal_driver\src\stm32f3xx_hal_tim.gcc.rsp
d:\self-balancing\sbr_32_9\sbr\visualgdb\debug\drivers\stm32f3xx_hal_driver\src\stm32f3xx_hal_tim_ex.gcc.rsp
d:\self-balancing\sbr_32_9\sbr\visualgdb\debug\drivers\stm32f3xx_hal_driver\src\stm32f3xx_hal_uart.gcc.rsp
d:\self-balancing\sbr_32_9\sbr\visualgdb\debug\drivers\stm32f3xx_hal_driver\src\stm32f3xx_hal_uart_ex.gcc.rsp
d:\self-balancing\sbr_32_9\sbr\visualgdb\debug\lib\mpu6050\mpu6050.o
d:\self-balancing\sbr_32_9\sbr\visualgdb\debug\lib\mpu6050\mpu6050.dep
d:\self-balancing\sbr_32_9\sbr\visualgdb\debug\lib\mpu6050\mpu6050.gcc.rsp
d:\self-balancing\sbr_32_9\sbr\visualgdb\debug\lib\pid\pid.o
d:\self-balancing\sbr_32_9\sbr\visualgdb\debug\lib\pid\pid.dep
d:\self-balancing\sbr_32_9\sbr\visualgdb\debug\lib\pid\pid.gcc.rsp
d:\self-balancing\sbr_32_9\sbr\visualgdb\debug\lib\ssd1306\fonts.o
d:\self-balancing\sbr_32_9\sbr\visualgdb\debug\lib\ssd1306\ssd1306.o
d:\self-balancing\sbr_32_9\sbr\visualgdb\debug\lib\ssd1306\fonts.dep
d:\self-balancing\sbr_32_9\sbr\visualgdb\debug\lib\ssd1306\ssd1306.dep
d:\self-balancing\sbr_32_9\sbr\visualgdb\debug\lib\ssd1306\fonts.gcc.rsp
d:\self-balancing\sbr_32_9\sbr\visualgdb\debug\lib\ssd1306\ssd1306.gcc.rsp
d:\self-balancing\sbr_32_9\sbr\visualgdb\debug\__bsp_root__\stm32f3xxxx\startupfiles\startup_stm32f303xc.o
d:\self-balancing\sbr_32_9\sbr\visualgdb\debug\__bsp_root__\stm32f3xxxx\startupfiles\startup_stm32f303xc.dep
d:\self-balancing\sbr_32_9\sbr\visualgdb\debug\__bsp_root__\stm32f3xxxx\startupfiles\startup_stm32f303xc.gcc.rsp
